#-----------------------------------------------------------
# Vivado v2020.1 (64-bit)
# SW Build 2902540 on Wed May 27 19:54:49 MDT 2020
# IP Build 2902112 on Wed May 27 22:43:36 MDT 2020
# Start of session at: Sun May  7 21:53:14 2023
# Process ID: 8904
# Current directory: C:/Users/Camilo/Desktop/bloques_separados5/selector_led2
# Command line: vivado.exe -gui_launcher_event rodinguilauncherevent10092 C:\Users\Camilo\Desktop\bloques_separados5\selector_led2\selector_led2.xpr
# Log file: C:/Users/Camilo/Desktop/bloques_separados5/selector_led2/vivado.log
# Journal file: C:/Users/Camilo/Desktop/bloques_separados5/selector_led2\vivado.jou
#-----------------------------------------------------------
start_gui
open_project C:/Users/Camilo/Desktop/bloques_separados5/selector_led2/selector_led2.xpr
INFO: [Project 1-313] Project file moved from 'D:/U_Catolica/2023-1/SEP/Proyecto/Proyecto_bloques/selector_led2' since last save.
Scanning sources...
Finished scanning sources
WARNING: [filemgmt 56-3] Board Part Repository Path: Could not find the directory 'C:/Users/raian/AppData/Roaming/Xilinx/Vivado/2020.1/xhub/board_store/xilinx_board_store'.
WARNING: [filemgmt 56-2] IPUserFilesDir: Could not find the directory 'C:/Users/Camilo/Desktop/bloques_separados5/selector_led2/selector_led2.ip_user_files', nor could it be found using path 'D:/U_Catolica/2023-1/SEP/Proyecto/Proyecto_bloques/selector_led2/selector_led2.ip_user_files'.
INFO: [IP_Flow 19-234] Refreshing IP repositories
INFO: [IP_Flow 19-1704] No user IP repositories specified
INFO: [IP_Flow 19-2313] Loaded Vivado IP repository 'C:/Xilinx/Vivado/2020.1/data/ip'.
open_project: Time (s): cpu = 00:00:09 ; elapsed = 00:00:07 . Memory (MB): peak = 1060.840 ; gain = 0.000
update_compile_order -fileset sources_1
ipx::package_project -root_dir c:/users/camilo/desktop/bloques_separados5/selector_led2/selector_led2.srcs/sources_1/new -vendor xilinx.com -library user -taxonomy /UserIP
INFO: [IP_Flow 19-5107] Inferred bus interface 'clk' of definition 'xilinx.com:signal:clock:1.0' (from Xilinx Repository).
WARNING: [IP_Flow 19-5661] Bus Interface 'clk' does not have any bus interfaces associated with it.
INFO: [IP_Flow 19-2181] Payment Required is not set for this core.
INFO: [IP_Flow 19-2187] The Product Guide file is missing.
set_property core_revision 2 [ipx::current_core]
ipx::create_xgui_files [ipx::current_core]
ipx::update_checksums [ipx::current_core]
ipx::save_core [ipx::current_core]
set_property  ip_repo_paths  c:/users/camilo/desktop/bloques_separados5/selector_led2/selector_led2.srcs/sources_1/new [current_project]
update_ip_catalog
INFO: [IP_Flow 19-234] Refreshing IP repositories
INFO: [IP_Flow 19-1700] Loaded user IP repository 'c:/users/camilo/desktop/bloques_separados5/selector_led2/selector_led2.srcs/sources_1/new'.
set_property core_revision 3 [ipx::current_core]
ipx::create_xgui_files [ipx::current_core]
ipx::update_checksums [ipx::current_core]
ipx::save_core [ipx::current_core]
update_ip_catalog -rebuild -repo_path c:/users/camilo/desktop/bloques_separados5/selector_led2/selector_led2.srcs/sources_1/new
INFO: [IP_Flow 19-725] Reloaded user IP repository 'c:/users/camilo/desktop/bloques_separados5/selector_led2/selector_led2.srcs/sources_1/new'
