#-----------------------------------------------------------
# Vivado v2020.1 (64-bit)
# SW Build 2902540 on Wed May 27 19:54:49 MDT 2020
# IP Build 2902112 on Wed May 27 22:43:36 MDT 2020
# Start of session at: Sun May  7 20:01:30 2023
# Process ID: 14000
# Current directory: C:/STEM/SEP2023/proyectos/PR01_pwmdc
# Command line: vivado.exe -gui_launcher_event rodinguilauncherevent4024 C:\STEM\SEP2023\proyectos\PR01_pwmdc\pwm_gen.xpr
# Log file: C:/STEM/SEP2023/proyectos/PR01_pwmdc/vivado.log
# Journal file: C:/STEM/SEP2023/proyectos/PR01_pwmdc\vivado.jou
#-----------------------------------------------------------
start_gui
open_project C:/STEM/SEP2023/proyectos/PR01_pwmdc/pwm_gen.xpr
Scanning sources...
Finished scanning sources
INFO: [IP_Flow 19-234] Refreshing IP repositories
INFO: [IP_Flow 19-1704] No user IP repositories specified
INFO: [IP_Flow 19-2313] Loaded Vivado IP repository 'C:/Xilinx/Vivado/2020.1/data/ip'.
open_project: Time (s): cpu = 00:00:07 ; elapsed = 00:00:07 . Memory (MB): peak = 1120.816 ; gain = 59.094
update_compile_order -fileset sources_1
export_ip_user_files -of_objects  [get_files C:/STEM/SEP2023/proyectos/PR01_pwmdc/pwm_gen.srcs/sources_1/new/pwm_generator.vhd] -no_script -reset -force -quiet
remove_files  C:/STEM/SEP2023/proyectos/PR01_pwmdc/pwm_gen.srcs/sources_1/new/pwm_generator.vhd
ipx::package_project -root_dir c:/stem/sep2023/proyectos/pr01_pwmdc/pwm_gen.srcs -vendor xilinx.com -library user -taxonomy /UserIP
INFO: [IP_Flow 19-5107] Inferred bus interface 'clk' of definition 'xilinx.com:signal:clock:1.0' (from Xilinx Repository).
WARNING: [IP_Flow 19-5661] Bus Interface 'clk' does not have any bus interfaces associated with it.
INFO: [IP_Flow 19-2181] Payment Required is not set for this core.
INFO: [IP_Flow 19-2187] The Product Guide file is missing.
set_property core_revision 2 [ipx::current_core]
ipx::create_xgui_files [ipx::current_core]
ipx::update_checksums [ipx::current_core]
ipx::save_core [ipx::current_core]
set_property  ip_repo_paths  c:/stem/sep2023/proyectos/pr01_pwmdc/pwm_gen.srcs [current_project]
update_ip_catalog
INFO: [IP_Flow 19-234] Refreshing IP repositories
INFO: [IP_Flow 19-1700] Loaded user IP repository 'c:/stem/sep2023/proyectos/pr01_pwmdc/pwm_gen.srcs'.
set_property core_revision 3 [ipx::current_core]
ipx::create_xgui_files [ipx::current_core]
ipx::update_checksums [ipx::current_core]
ipx::save_core [ipx::current_core]
update_ip_catalog -rebuild -repo_path c:/stem/sep2023/proyectos/pr01_pwmdc/pwm_gen.srcs
INFO: [IP_Flow 19-725] Reloaded user IP repository 'c:/stem/sep2023/proyectos/pr01_pwmdc/pwm_gen.srcs'
exit
INFO: [Common 17-206] Exiting Vivado at Sun May  7 20:52:45 2023...
