Copyright 1986-2020 Xilinx, Inc. All Rights Reserved.
------------------------------------------------------------------------------------
| Tool Version : Vivado v.2020.1 (win64) Build 2902540 Wed May 27 19:54:49 MDT 2020
| Date         : Mon May  8 22:35:15 2023
| Host         : MSI running 64-bit major release  (build 9200)
| Command      : upgrade_ip
| Device       : xc7z010clg400-1
------------------------------------------------------------------------------------

Upgrade Log for IP 'Atg_ram_Ram_IP_0_0'

1. Summary
----------

SUCCESS in the conversion of Atg_ram_Ram_IP_0_0 (xilinx.com:user:Ram_IP:1.0 (Rev. 5)) to Vivado generation flows.






Copyright 1986-2020 Xilinx, Inc. All Rights Reserved.
------------------------------------------------------------------------------------
| Tool Version : Vivado v.2020.1 (win64) Build 2902540 Wed May 27 19:54:49 MDT 2020
| Date         : Mon May  8 10:49:47 2023
| Host         : LAPTOP-D88VNJP2 running 64-bit major release  (build 9200)
| Command      : upgrade_ip
| Device       : xc7z010clg400-1
------------------------------------------------------------------------------------

Upgrade Log for IP 'Atg_ram_ngate_0_0'

1. Summary
----------

SUCCESS in the upgrade of Atg_ram_ngate_0_0 (xilinx.com:user:ngate:1.0) from (Rev. 5) to (Rev. 6)

