#-----------------------------------------------------------
# Vivado v2020.1 (64-bit)
# SW Build 2902540 on Wed May 27 19:54:49 MDT 2020
# IP Build 2902112 on Wed May 27 22:43:36 MDT 2020
# Start of session at: Mon May  8 17:07:04 2023
# Process ID: 13508
# Current directory: C:/Users/Camilo/Desktop/bloques_separados5/atg_ram/atg_ram
# Command line: vivado.exe -gui_launcher_event rodinguilauncherevent10800 C:\Users\Camilo\Desktop\bloques_separados5\atg_ram\atg_ram\atg_ram.xpr
# Log file: C:/Users/Camilo/Desktop/bloques_separados5/atg_ram/atg_ram/vivado.log
# Journal file: C:/Users/Camilo/Desktop/bloques_separados5/atg_ram/atg_ram\vivado.jou
#-----------------------------------------------------------
start_gui
open_project C:/Users/Camilo/Desktop/bloques_separados5/atg_ram/atg_ram/atg_ram.xpr
Scanning sources...
Finished scanning sources
WARNING: [filemgmt 56-3] Board Part Repository Path: Could not find the directory 'C:/Users/raian/AppData/Roaming/Xilinx/Vivado/2020.1/xhub/board_store/xilinx_board_store'.
INFO: [IP_Flow 19-234] Refreshing IP repositories
INFO: [IP_Flow 19-1700] Loaded user IP repository 'c:/Users/Camilo/Desktop/bloques_separados5/atg_ram/ip_repo/Ram_IP_1.0'.
INFO: [IP_Flow 19-1700] Loaded user IP repository 'c:/Users/Camilo/Desktop/bloques_separados5/operator_full'.
INFO: [IP_Flow 19-1700] Loaded user IP repository 'c:/Users/Camilo/Desktop/bloques_separados5/op_choser'.
INFO: [IP_Flow 19-1700] Loaded user IP repository 'c:/Users/Camilo/Desktop/bloques_separados5/led_verif_or'.
INFO: [IP_Flow 19-1700] Loaded user IP repository 'c:/users/camilo/desktop/bloques_separados5/selector_led2/selector_led2.srcs/sources_1/new'.
INFO: [IP_Flow 19-1700] Loaded user IP repository 'c:/users/camilo/desktop/bloques_separados5/ngate/ngate.srcs/sources_1/new'.
INFO: [IP_Flow 19-2313] Loaded Vivado IP repository 'C:/Xilinx/Vivado/2020.1/data/ip'.
open_project: Time (s): cpu = 00:00:08 ; elapsed = 00:00:09 . Memory (MB): peak = 1058.832 ; gain = 0.000
update_compile_order -fileset sources_1
exit
INFO: [Common 17-206] Exiting Vivado at Mon May  8 17:07:44 2023...
