#-----------------------------------------------------------
# Vivado v2020.1 (64-bit)
# SW Build 2902540 on Wed May 27 19:54:49 MDT 2020
# IP Build 2902112 on Wed May 27 22:43:36 MDT 2020
# Start of session at: Sun May  7 21:45:39 2023
# Process ID: 1568
# Current directory: C:/STEM/SEP2023/proyectos/SEP2023-PR01/bloques_separados5/atg_ram/atg_ram
# Command line: vivado.exe -gui_launcher_event rodinguilauncherevent18564 C:\STEM\SEP2023\proyectos\SEP2023-PR01\bloques_separados5\atg_ram\atg_ram\atg_ram.xpr
# Log file: C:/STEM/SEP2023/proyectos/SEP2023-PR01/bloques_separados5/atg_ram/atg_ram/vivado.log
# Journal file: C:/STEM/SEP2023/proyectos/SEP2023-PR01/bloques_separados5/atg_ram/atg_ram\vivado.jou
#-----------------------------------------------------------
start_gui
open_project C:/STEM/SEP2023/proyectos/SEP2023-PR01/bloques_separados5/atg_ram/atg_ram/atg_ram.xpr
INFO: [Project 1-313] Project file moved from 'C:/Users/Camilo/Desktop/bloques_separados5/atg_ram/atg_ram' since last save.
Scanning sources...
Finished scanning sources
WARNING: [filemgmt 56-2] Board Part Repository Path: Could not find the directory 'C:/STEM/SEP2023/raian/AppData/Roaming/Xilinx/Vivado/2020.1/xhub/board_store/xilinx_board_store', nor could it be found using path 'C:/Users/raian/AppData/Roaming/Xilinx/Vivado/2020.1/xhub/board_store/xilinx_board_store'.
WARNING: [filemgmt 56-2] IPUserFilesDir: Could not find the directory 'C:/STEM/SEP2023/proyectos/SEP2023-PR01/bloques_separados5/atg_ram/atg_ram/atg_ram.ip_user_files', nor could it be found using path 'C:/Users/Camilo/Desktop/bloques_separados5/atg_ram/atg_ram/atg_ram.ip_user_files'.
INFO: [IP_Flow 19-234] Refreshing IP repositories
INFO: [IP_Flow 19-1700] Loaded user IP repository 'c:/STEM/SEP2023/proyectos/SEP2023-PR01/bloques_separados5/operator_full/pwm_gen.srcs/sources_1/new'.
INFO: [IP_Flow 19-2313] Loaded Vivado IP repository 'C:/Xilinx/Vivado/2020.1/data/ip'.
open_project: Time (s): cpu = 00:00:07 ; elapsed = 00:00:06 . Memory (MB): peak = 1062.078 ; gain = 0.000
update_compile_order -fileset sources_1
set_property  ip_repo_paths  {c:/STEM/SEP2023/proyectos/SEP2023-PR01/bloques_separados5/operator_full/pwm_gen.srcs/sources_1/new C:/STEM/SEP2023/proyectos/SEP2023-PR01/bloques_separados5/selector_led2/selector_led2.srcs/sources_1/new} [current_project]
update_ip_catalog
INFO: [IP_Flow 19-234] Refreshing IP repositories
INFO: [IP_Flow 19-1700] Loaded user IP repository 'c:/STEM/SEP2023/proyectos/SEP2023-PR01/bloques_separados5/operator_full/pwm_gen.srcs/sources_1/new'.
INFO: [IP_Flow 19-1700] Loaded user IP repository 'c:/STEM/SEP2023/proyectos/SEP2023-PR01/bloques_separados5/selector_led2/selector_led2.srcs/sources_1/new'.
update_ip_catalog -rebuild
INFO: [IP_Flow 19-234] Refreshing IP repositories
INFO: [IP_Flow 19-1700] Loaded user IP repository 'c:/STEM/SEP2023/proyectos/SEP2023-PR01/bloques_separados5/operator_full/pwm_gen.srcs/sources_1/new'.
INFO: [IP_Flow 19-1700] Loaded user IP repository 'c:/STEM/SEP2023/proyectos/SEP2023-PR01/bloques_separados5/selector_led2/selector_led2.srcs/sources_1/new'.
open_bd_design {C:/STEM/SEP2023/proyectos/SEP2023-PR01/bloques_separados5/atg_ram/atg_ram/atg_ram.srcs/sources_1/bd/Atg_ram/Atg_ram.bd}
Successfully read diagram <Atg_ram> from BD file <C:/STEM/SEP2023/proyectos/SEP2023-PR01/bloques_separados5/atg_ram/atg_ram/atg_ram.srcs/sources_1/bd/Atg_ram/Atg_ram.bd>
open_bd_design: Time (s): cpu = 00:00:07 ; elapsed = 00:00:07 . Memory (MB): peak = 1062.078 ; gain = 0.000
exit
INFO: [Common 17-206] Exiting Vivado at Sun May  7 21:47:51 2023...
