#-----------------------------------------------------------
# Vivado v2020.1 (64-bit)
# SW Build 2902540 on Wed May 27 19:54:49 MDT 2020
# IP Build 2902112 on Wed May 27 22:43:36 MDT 2020
# Start of session at: Sun May  7 21:39:39 2023
# Process ID: 3504
# Current directory: C:/Users/Camilo/Desktop/bloques_separados5/atg_ram/atg_ram
# Command line: vivado.exe -gui_launcher_event rodinguilauncherevent17120 C:\Users\Camilo\Desktop\bloques_separados5\atg_ram\atg_ram\atg_ram.xpr
# Log file: C:/Users/Camilo/Desktop/bloques_separados5/atg_ram/atg_ram/vivado.log
# Journal file: C:/Users/Camilo/Desktop/bloques_separados5/atg_ram/atg_ram\vivado.jou
#-----------------------------------------------------------
start_gui
open_project C:/Users/Camilo/Desktop/bloques_separados5/atg_ram/atg_ram/atg_ram.xpr
INFO: [Project 1-313] Project file moved from 'D:/U_Catolica/2023-1/SEP/Proyecto/Proyecto_bloques/atg_ram/atg_ram' since last save.
Scanning sources...
Finished scanning sources
WARNING: [filemgmt 56-3] Board Part Repository Path: Could not find the directory 'C:/Users/raian/AppData/Roaming/Xilinx/Vivado/2020.1/xhub/board_store/xilinx_board_store'.
WARNING: [filemgmt 56-2] IPUserFilesDir: Could not find the directory 'C:/Users/Camilo/Desktop/bloques_separados5/atg_ram/atg_ram/atg_ram.ip_user_files', nor could it be found using path 'D:/U_Catolica/2023-1/SEP/Proyecto/Proyecto_bloques/atg_ram/atg_ram/atg_ram.ip_user_files'.
INFO: [IP_Flow 19-234] Refreshing IP repositories
INFO: [IP_Flow 19-1700] Loaded user IP repository 'c:/Users/Camilo/Desktop/bloques_separados5/atg_ram/ip_repo/Ram_IP_1.0'.
INFO: [IP_Flow 19-2313] Loaded Vivado IP repository 'C:/Xilinx/Vivado/2020.1/data/ip'.
open_project: Time (s): cpu = 00:00:07 ; elapsed = 00:00:06 . Memory (MB): peak = 1060.945 ; gain = 0.000
update_compile_order -fileset sources_1
open_bd_design {C:/Users/Camilo/Desktop/bloques_separados5/atg_ram/atg_ram/atg_ram.srcs/sources_1/bd/Atg_ram/Atg_ram.bd}
Successfully read diagram <Atg_ram> from BD file <C:/Users/Camilo/Desktop/bloques_separados5/atg_ram/atg_ram/atg_ram.srcs/sources_1/bd/Atg_ram/Atg_ram.bd>
open_bd_design: Time (s): cpu = 00:00:07 ; elapsed = 00:00:07 . Memory (MB): peak = 1060.945 ; gain = 0.000
startgroup
create_bd_cell -type ip -vlnv xilinx.com:user:Ram_IP:1.0 Ram_IP_0
endgroup
set_property  ip_repo_paths  {c:/Users/Camilo/Desktop/bloques_separados5/atg_ram/ip_repo/Ram_IP_1.0 C:/Users/Camilo/Desktop/bloques_separados5} [current_project]
update_ip_catalog
INFO: [IP_Flow 19-234] Refreshing IP repositories
WARNING: [IP_Flow 19-3685] Ignored loading user repository 'c:/Users/Camilo/Desktop/bloques_separados5/atg_ram/ip_repo/Ram_IP_1.0'. The path is contained within another repository.
INFO: [IP_Flow 19-1700] Loaded user IP repository 'c:/Users/Camilo/Desktop/bloques_separados5'.
WARNING: [IP_Flow 19-3656] If you move the project, the path for repository 'c:/Users/Camilo/Desktop/bloques_separados5' may become invalid. A better location for the repository would be in a path adjacent to the project. (Current project location is 'c:/Users/Camilo/Desktop/bloques_separados5/atg_ram/atg_ram'.)
set_property  ip_repo_paths  {c:/Users/Camilo/Desktop/bloques_separados5/atg_ram/ip_repo/Ram_IP_1.0 c:/Users/Camilo/Desktop/bloques_separados5 C:/Users/Camilo/Desktop/bloques_separados5/selector_led2} [current_project]
update_ip_catalog
INFO: [IP_Flow 19-234] Refreshing IP repositories
WARNING: [IP_Flow 19-3685] Ignored loading user repository 'c:/Users/Camilo/Desktop/bloques_separados5/atg_ram/ip_repo/Ram_IP_1.0'. The path is contained within another repository.
INFO: [IP_Flow 19-1700] Loaded user IP repository 'c:/Users/Camilo/Desktop/bloques_separados5'.
WARNING: [IP_Flow 19-3656] If you move the project, the path for repository 'c:/Users/Camilo/Desktop/bloques_separados5' may become invalid. A better location for the repository would be in a path adjacent to the project. (Current project location is 'c:/Users/Camilo/Desktop/bloques_separados5/atg_ram/atg_ram'.)
WARNING: [IP_Flow 19-3685] Ignored loading user repository 'c:/Users/Camilo/Desktop/bloques_separados5/selector_led2'. The path is contained within another repository.
set_property  ip_repo_paths  {c:/Users/Camilo/Desktop/bloques_separados5/atg_ram/ip_repo/Ram_IP_1.0 c:/Users/Camilo/Desktop/bloques_separados5} [current_project]
update_ip_catalog
INFO: [IP_Flow 19-234] Refreshing IP repositories
WARNING: [IP_Flow 19-3685] Ignored loading user repository 'c:/Users/Camilo/Desktop/bloques_separados5/atg_ram/ip_repo/Ram_IP_1.0'. The path is contained within another repository.
INFO: [IP_Flow 19-1700] Loaded user IP repository 'c:/Users/Camilo/Desktop/bloques_separados5'.
WARNING: [IP_Flow 19-3656] If you move the project, the path for repository 'c:/Users/Camilo/Desktop/bloques_separados5' may become invalid. A better location for the repository would be in a path adjacent to the project. (Current project location is 'c:/Users/Camilo/Desktop/bloques_separados5/atg_ram/atg_ram'.)
set_property  ip_repo_paths  c:/Users/Camilo/Desktop/bloques_separados5 [current_project]
update_ip_catalog
INFO: [IP_Flow 19-234] Refreshing IP repositories
INFO: [IP_Flow 19-1700] Loaded user IP repository 'c:/Users/Camilo/Desktop/bloques_separados5'.
WARNING: [IP_Flow 19-3656] If you move the project, the path for repository 'c:/Users/Camilo/Desktop/bloques_separados5' may become invalid. A better location for the repository would be in a path adjacent to the project. (Current project location is 'c:/Users/Camilo/Desktop/bloques_separados5/atg_ram/atg_ram'.)
set_property  ip_repo_paths  {} [current_project]
update_ip_catalog
INFO: [IP_Flow 19-234] Refreshing IP repositories
INFO: [IP_Flow 19-1704] No user IP repositories specified
set_property  ip_repo_paths  C:/Users/Camilo/Desktop/bloques_separados5/selector_led2/selector_led2.srcs/sources_1/new [current_project]
update_ip_catalog
INFO: [IP_Flow 19-234] Refreshing IP repositories
INFO: [IP_Flow 19-1700] Loaded user IP repository 'c:/Users/Camilo/Desktop/bloques_separados5/selector_led2/selector_led2.srcs/sources_1/new'.
set_property  ip_repo_paths  {c:/Users/Camilo/Desktop/bloques_separados5/selector_led2/selector_led2.srcs/sources_1/new C:/Users/Camilo/Desktop/bloques_separados5/selector_led2/selector_led2.srcs/sources_1} [current_project]
update_ip_catalog
INFO: [IP_Flow 19-234] Refreshing IP repositories
WARNING: [IP_Flow 19-3685] Ignored loading user repository 'c:/Users/Camilo/Desktop/bloques_separados5/selector_led2/selector_led2.srcs/sources_1/new'. The path is contained within another repository.
INFO: [IP_Flow 19-1700] Loaded user IP repository 'c:/Users/Camilo/Desktop/bloques_separados5/selector_led2/selector_led2.srcs/sources_1'.
set_property  ip_repo_paths  c:/Users/Camilo/Desktop/bloques_separados5/selector_led2/selector_led2.srcs/sources_1/new [current_project]
update_ip_catalog
INFO: [IP_Flow 19-234] Refreshing IP repositories
INFO: [IP_Flow 19-1700] Loaded user IP repository 'c:/Users/Camilo/Desktop/bloques_separados5/selector_led2/selector_led2.srcs/sources_1/new'.
set_property  ip_repo_paths  {} [current_project]
update_ip_catalog
INFO: [IP_Flow 19-234] Refreshing IP repositories
INFO: [IP_Flow 19-1704] No user IP repositories specified
set_property  ip_repo_paths  C:/Users/Camilo/Desktop/bloques_separados5/operator_full/pwm_gen.srcs/sources_1/new [current_project]
update_ip_catalog
INFO: [IP_Flow 19-234] Refreshing IP repositories
INFO: [IP_Flow 19-1700] Loaded user IP repository 'c:/Users/Camilo/Desktop/bloques_separados5/operator_full/pwm_gen.srcs/sources_1/new'.
exit
INFO: [Common 17-206] Exiting Vivado at Sun May  7 21:45:06 2023...
