#-----------------------------------------------------------
# Vivado v2020.1 (64-bit)
# SW Build 2902540 on Wed May 27 19:54:49 MDT 2020
# IP Build 2902112 on Wed May 27 22:43:36 MDT 2020
# Start of session at: Sun May  7 21:48:19 2023
# Process ID: 14548
# Current directory: C:/Users/Camilo/Desktop/bloques_separados5/atg_ram/atg_ram
# Command line: vivado.exe -gui_launcher_event rodinguilauncherevent7944 C:\Users\Camilo\Desktop\bloques_separados5\atg_ram\atg_ram\atg_ram.xpr
# Log file: C:/Users/Camilo/Desktop/bloques_separados5/atg_ram/atg_ram/vivado.log
# Journal file: C:/Users/Camilo/Desktop/bloques_separados5/atg_ram/atg_ram\vivado.jou
#-----------------------------------------------------------
start_gui
open_project C:/Users/Camilo/Desktop/bloques_separados5/atg_ram/atg_ram/atg_ram.xpr
INFO: [Project 1-313] Project file moved from 'C:/STEM/SEP2023/proyectos/SEP2023-PR01/bloques_separados5/atg_ram/atg_ram' since last save.
Scanning sources...
Finished scanning sources
WARNING: [filemgmt 56-2] Board Part Repository Path: Could not find the directory 'C:/Users/raian/AppData/Roaming/Xilinx/Vivado/2020.1/xhub/board_store/xilinx_board_store', nor could it be found using path 'C:/STEM/SEP2023/raian/AppData/Roaming/Xilinx/Vivado/2020.1/xhub/board_store/xilinx_board_store'.
WARNING: [filemgmt 56-2] IPUserFilesDir: Could not find the directory 'C:/Users/Camilo/Desktop/bloques_separados5/atg_ram/atg_ram/atg_ram.ip_user_files', nor could it be found using path 'C:/STEM/SEP2023/proyectos/SEP2023-PR01/bloques_separados5/atg_ram/atg_ram/atg_ram.ip_user_files'.
INFO: [IP_Flow 19-234] Refreshing IP repositories
INFO: [IP_Flow 19-1700] Loaded user IP repository 'c:/Users/Camilo/Desktop/bloques_separados5/operator_full/pwm_gen.srcs/sources_1/new'.
INFO: [IP_Flow 19-1700] Loaded user IP repository 'c:/Users/Camilo/Desktop/bloques_separados5/selector_led2/selector_led2.srcs/sources_1/new'.
INFO: [IP_Flow 19-2313] Loaded Vivado IP repository 'C:/Xilinx/Vivado/2020.1/data/ip'.
open_project: Time (s): cpu = 00:00:07 ; elapsed = 00:00:06 . Memory (MB): peak = 1061.004 ; gain = 0.000
update_compile_order -fileset sources_1
open_bd_design {C:/Users/Camilo/Desktop/bloques_separados5/atg_ram/atg_ram/atg_ram.srcs/sources_1/bd/Atg_ram/Atg_ram.bd}
Successfully read diagram <Atg_ram> from BD file <C:/Users/Camilo/Desktop/bloques_separados5/atg_ram/atg_ram/atg_ram.srcs/sources_1/bd/Atg_ram/Atg_ram.bd>
open_bd_design: Time (s): cpu = 00:00:07 ; elapsed = 00:00:07 . Memory (MB): peak = 1061.004 ; gain = 0.000
set_property  ip_repo_paths  c:/Users/Camilo/Desktop/bloques_separados5/selector_led2/selector_led2.srcs/sources_1/new [current_project]
update_ip_catalog
INFO: [IP_Flow 19-234] Refreshing IP repositories
INFO: [IP_Flow 19-1700] Loaded user IP repository 'c:/Users/Camilo/Desktop/bloques_separados5/selector_led2/selector_led2.srcs/sources_1/new'.
set_property  ip_repo_paths  {} [current_project]
update_ip_catalog
INFO: [IP_Flow 19-234] Refreshing IP repositories
INFO: [IP_Flow 19-1704] No user IP repositories specified
set_property  ip_repo_paths  C:/Users/Camilo/Desktop/bloques_separados5/atg_ram/ip_repo/Ram_IP_1.0 [current_project]
update_ip_catalog
INFO: [IP_Flow 19-234] Refreshing IP repositories
INFO: [IP_Flow 19-1700] Loaded user IP repository 'c:/Users/Camilo/Desktop/bloques_separados5/atg_ram/ip_repo/Ram_IP_1.0'.
set_property  ip_repo_paths  {c:/Users/Camilo/Desktop/bloques_separados5/atg_ram/ip_repo/Ram_IP_1.0 C:/Users/Camilo/Desktop/bloques_separados5/operator_full} [current_project]
update_ip_catalog
INFO: [IP_Flow 19-234] Refreshing IP repositories
INFO: [IP_Flow 19-1700] Loaded user IP repository 'c:/Users/Camilo/Desktop/bloques_separados5/atg_ram/ip_repo/Ram_IP_1.0'.
INFO: [IP_Flow 19-1700] Loaded user IP repository 'c:/Users/Camilo/Desktop/bloques_separados5/operator_full'.
set_property  ip_repo_paths  {c:/Users/Camilo/Desktop/bloques_separados5/atg_ram/ip_repo/Ram_IP_1.0 c:/Users/Camilo/Desktop/bloques_separados5/operator_full C:/Users/Camilo/Desktop/bloques_separados5/op_choser} [current_project]
update_ip_catalog
INFO: [IP_Flow 19-234] Refreshing IP repositories
INFO: [IP_Flow 19-1700] Loaded user IP repository 'c:/Users/Camilo/Desktop/bloques_separados5/atg_ram/ip_repo/Ram_IP_1.0'.
INFO: [IP_Flow 19-1700] Loaded user IP repository 'c:/Users/Camilo/Desktop/bloques_separados5/operator_full'.
INFO: [IP_Flow 19-1700] Loaded user IP repository 'c:/Users/Camilo/Desktop/bloques_separados5/op_choser'.
set_property  ip_repo_paths  {c:/Users/Camilo/Desktop/bloques_separados5/atg_ram/ip_repo/Ram_IP_1.0 c:/Users/Camilo/Desktop/bloques_separados5/operator_full c:/Users/Camilo/Desktop/bloques_separados5/op_choser C:/Users/Camilo/Desktop/bloques_separados5/led_verif_or} [current_project]
update_ip_catalog
INFO: [IP_Flow 19-234] Refreshing IP repositories
INFO: [IP_Flow 19-1700] Loaded user IP repository 'c:/Users/Camilo/Desktop/bloques_separados5/atg_ram/ip_repo/Ram_IP_1.0'.
INFO: [IP_Flow 19-1700] Loaded user IP repository 'c:/Users/Camilo/Desktop/bloques_separados5/operator_full'.
INFO: [IP_Flow 19-1700] Loaded user IP repository 'c:/Users/Camilo/Desktop/bloques_separados5/op_choser'.
INFO: [IP_Flow 19-1700] Loaded user IP repository 'c:/Users/Camilo/Desktop/bloques_separados5/led_verif_or'.
set_property  ip_repo_paths  {c:/Users/Camilo/Desktop/bloques_separados5/atg_ram/ip_repo/Ram_IP_1.0 c:/Users/Camilo/Desktop/bloques_separados5/operator_full c:/Users/Camilo/Desktop/bloques_separados5/op_choser c:/Users/Camilo/Desktop/bloques_separados5/led_verif_or C:/Users/Camilo/Desktop/bloques_separados5/selector_led2} [current_project]
update_ip_catalog
INFO: [IP_Flow 19-234] Refreshing IP repositories
INFO: [IP_Flow 19-1700] Loaded user IP repository 'c:/Users/Camilo/Desktop/bloques_separados5/atg_ram/ip_repo/Ram_IP_1.0'.
INFO: [IP_Flow 19-1700] Loaded user IP repository 'c:/Users/Camilo/Desktop/bloques_separados5/operator_full'.
INFO: [IP_Flow 19-1700] Loaded user IP repository 'c:/Users/Camilo/Desktop/bloques_separados5/op_choser'.
INFO: [IP_Flow 19-1700] Loaded user IP repository 'c:/Users/Camilo/Desktop/bloques_separados5/led_verif_or'.
INFO: [IP_Flow 19-1700] Loaded user IP repository 'c:/Users/Camilo/Desktop/bloques_separados5/selector_led2'.
set_property  ip_repo_paths  {c:/Users/Camilo/Desktop/bloques_separados5/atg_ram/ip_repo/Ram_IP_1.0 c:/Users/Camilo/Desktop/bloques_separados5/operator_full c:/Users/Camilo/Desktop/bloques_separados5/op_choser c:/Users/Camilo/Desktop/bloques_separados5/led_verif_or} [current_project]
update_ip_catalog
INFO: [IP_Flow 19-234] Refreshing IP repositories
INFO: [IP_Flow 19-1700] Loaded user IP repository 'c:/Users/Camilo/Desktop/bloques_separados5/atg_ram/ip_repo/Ram_IP_1.0'.
INFO: [IP_Flow 19-1700] Loaded user IP repository 'c:/Users/Camilo/Desktop/bloques_separados5/operator_full'.
INFO: [IP_Flow 19-1700] Loaded user IP repository 'c:/Users/Camilo/Desktop/bloques_separados5/op_choser'.
INFO: [IP_Flow 19-1700] Loaded user IP repository 'c:/Users/Camilo/Desktop/bloques_separados5/led_verif_or'.
set_property  ip_repo_paths  {c:/Users/Camilo/Desktop/bloques_separados5/atg_ram/ip_repo/Ram_IP_1.0 C:/Users/Camilo/Desktop/bloques_separados5/selector_led2/selector_led2.srcs c:/Users/Camilo/Desktop/bloques_separados5/operator_full c:/Users/Camilo/Desktop/bloques_separados5/op_choser c:/Users/Camilo/Desktop/bloques_separados5/led_verif_or} [current_project]
update_ip_catalog
INFO: [IP_Flow 19-234] Refreshing IP repositories
INFO: [IP_Flow 19-1700] Loaded user IP repository 'c:/Users/Camilo/Desktop/bloques_separados5/atg_ram/ip_repo/Ram_IP_1.0'.
INFO: [IP_Flow 19-1700] Loaded user IP repository 'c:/Users/Camilo/Desktop/bloques_separados5/selector_led2/selector_led2.srcs'.
INFO: [IP_Flow 19-1700] Loaded user IP repository 'c:/Users/Camilo/Desktop/bloques_separados5/operator_full'.
INFO: [IP_Flow 19-1700] Loaded user IP repository 'c:/Users/Camilo/Desktop/bloques_separados5/op_choser'.
INFO: [IP_Flow 19-1700] Loaded user IP repository 'c:/Users/Camilo/Desktop/bloques_separados5/led_verif_or'.
set_property  ip_repo_paths  {c:/Users/Camilo/Desktop/bloques_separados5/atg_ram/ip_repo/Ram_IP_1.0 c:/Users/Camilo/Desktop/bloques_separados5/selector_led2/selector_led2.srcs C:/Users/Camilo/Desktop/bloques_separados5/selector_led2/selector_led2.srcs/sources_1 c:/Users/Camilo/Desktop/bloques_separados5/operator_full c:/Users/Camilo/Desktop/bloques_separados5/op_choser c:/Users/Camilo/Desktop/bloques_separados5/led_verif_or} [current_project]
update_ip_catalog
INFO: [IP_Flow 19-234] Refreshing IP repositories
INFO: [IP_Flow 19-1700] Loaded user IP repository 'c:/Users/Camilo/Desktop/bloques_separados5/atg_ram/ip_repo/Ram_IP_1.0'.
INFO: [IP_Flow 19-1700] Loaded user IP repository 'c:/Users/Camilo/Desktop/bloques_separados5/selector_led2/selector_led2.srcs'.
WARNING: [IP_Flow 19-3685] Ignored loading user repository 'c:/Users/Camilo/Desktop/bloques_separados5/selector_led2/selector_led2.srcs/sources_1'. The path is contained within another repository.
INFO: [IP_Flow 19-1700] Loaded user IP repository 'c:/Users/Camilo/Desktop/bloques_separados5/operator_full'.
INFO: [IP_Flow 19-1700] Loaded user IP repository 'c:/Users/Camilo/Desktop/bloques_separados5/op_choser'.
INFO: [IP_Flow 19-1700] Loaded user IP repository 'c:/Users/Camilo/Desktop/bloques_separados5/led_verif_or'.
set_property  ip_repo_paths  {c:/Users/Camilo/Desktop/bloques_separados5/atg_ram/ip_repo/Ram_IP_1.0 c:/Users/Camilo/Desktop/bloques_separados5/selector_led2/selector_led2.srcs c:/Users/Camilo/Desktop/bloques_separados5/operator_full c:/Users/Camilo/Desktop/bloques_separados5/op_choser c:/Users/Camilo/Desktop/bloques_separados5/led_verif_or} [current_project]
update_ip_catalog
INFO: [IP_Flow 19-234] Refreshing IP repositories
INFO: [IP_Flow 19-1700] Loaded user IP repository 'c:/Users/Camilo/Desktop/bloques_separados5/atg_ram/ip_repo/Ram_IP_1.0'.
INFO: [IP_Flow 19-1700] Loaded user IP repository 'c:/Users/Camilo/Desktop/bloques_separados5/selector_led2/selector_led2.srcs'.
INFO: [IP_Flow 19-1700] Loaded user IP repository 'c:/Users/Camilo/Desktop/bloques_separados5/operator_full'.
INFO: [IP_Flow 19-1700] Loaded user IP repository 'c:/Users/Camilo/Desktop/bloques_separados5/op_choser'.
INFO: [IP_Flow 19-1700] Loaded user IP repository 'c:/Users/Camilo/Desktop/bloques_separados5/led_verif_or'.
update_ip_catalog -rebuild
INFO: [IP_Flow 19-234] Refreshing IP repositories
INFO: [IP_Flow 19-1700] Loaded user IP repository 'c:/Users/Camilo/Desktop/bloques_separados5/atg_ram/ip_repo/Ram_IP_1.0'.
INFO: [IP_Flow 19-1700] Loaded user IP repository 'c:/Users/Camilo/Desktop/bloques_separados5/selector_led2/selector_led2.srcs'.
INFO: [IP_Flow 19-1700] Loaded user IP repository 'c:/Users/Camilo/Desktop/bloques_separados5/operator_full'.
INFO: [IP_Flow 19-1700] Loaded user IP repository 'c:/Users/Camilo/Desktop/bloques_separados5/op_choser'.
INFO: [IP_Flow 19-1700] Loaded user IP repository 'c:/Users/Camilo/Desktop/bloques_separados5/led_verif_or'.
set_property  ip_repo_paths  {c:/Users/Camilo/Desktop/bloques_separados5/atg_ram/ip_repo/Ram_IP_1.0 c:/Users/Camilo/Desktop/bloques_separados5/operator_full c:/Users/Camilo/Desktop/bloques_separados5/op_choser c:/Users/Camilo/Desktop/bloques_separados5/led_verif_or} [current_project]
update_ip_catalog
INFO: [IP_Flow 19-234] Refreshing IP repositories
INFO: [IP_Flow 19-1700] Loaded user IP repository 'c:/Users/Camilo/Desktop/bloques_separados5/atg_ram/ip_repo/Ram_IP_1.0'.
INFO: [IP_Flow 19-1700] Loaded user IP repository 'c:/Users/Camilo/Desktop/bloques_separados5/operator_full'.
INFO: [IP_Flow 19-1700] Loaded user IP repository 'c:/Users/Camilo/Desktop/bloques_separados5/op_choser'.
INFO: [IP_Flow 19-1700] Loaded user IP repository 'c:/Users/Camilo/Desktop/bloques_separados5/led_verif_or'.
set_property  ip_repo_paths  {c:/Users/Camilo/Desktop/bloques_separados5/atg_ram/ip_repo/Ram_IP_1.0 c:/Users/Camilo/Desktop/bloques_separados5/operator_full C:/Users/Camilo/Desktop/bloques_separados5/selector_led2/selector_led2.srcs/sources_1/new c:/Users/Camilo/Desktop/bloques_separados5/op_choser c:/Users/Camilo/Desktop/bloques_separados5/led_verif_or} [current_project]
update_ip_catalog
INFO: [IP_Flow 19-234] Refreshing IP repositories
INFO: [IP_Flow 19-1700] Loaded user IP repository 'c:/Users/Camilo/Desktop/bloques_separados5/atg_ram/ip_repo/Ram_IP_1.0'.
INFO: [IP_Flow 19-1700] Loaded user IP repository 'c:/Users/Camilo/Desktop/bloques_separados5/operator_full'.
INFO: [IP_Flow 19-1700] Loaded user IP repository 'c:/Users/Camilo/Desktop/bloques_separados5/selector_led2/selector_led2.srcs/sources_1/new'.
INFO: [IP_Flow 19-1700] Loaded user IP repository 'c:/Users/Camilo/Desktop/bloques_separados5/op_choser'.
INFO: [IP_Flow 19-1700] Loaded user IP repository 'c:/Users/Camilo/Desktop/bloques_separados5/led_verif_or'.
set_property  ip_repo_paths  {c:/Users/Camilo/Desktop/bloques_separados5/atg_ram/ip_repo/Ram_IP_1.0 c:/Users/Camilo/Desktop/bloques_separados5/operator_full c:/Users/Camilo/Desktop/bloques_separados5/op_choser c:/Users/Camilo/Desktop/bloques_separados5/led_verif_or} [current_project]
update_ip_catalog
INFO: [IP_Flow 19-234] Refreshing IP repositories
INFO: [IP_Flow 19-1700] Loaded user IP repository 'c:/Users/Camilo/Desktop/bloques_separados5/atg_ram/ip_repo/Ram_IP_1.0'.
INFO: [IP_Flow 19-1700] Loaded user IP repository 'c:/Users/Camilo/Desktop/bloques_separados5/operator_full'.
INFO: [IP_Flow 19-1700] Loaded user IP repository 'c:/Users/Camilo/Desktop/bloques_separados5/op_choser'.
INFO: [IP_Flow 19-1700] Loaded user IP repository 'c:/Users/Camilo/Desktop/bloques_separados5/led_verif_or'.
set_property  ip_repo_paths  {c:/Users/Camilo/Desktop/bloques_separados5/atg_ram/ip_repo/Ram_IP_1.0 c:/Users/Camilo/Desktop/bloques_separados5/operator_full c:/Users/Camilo/Desktop/bloques_separados5/op_choser C:/Users/Camilo/Desktop/bloques_separados5/selector_led2 c:/Users/Camilo/Desktop/bloques_separados5/led_verif_or} [current_project]
update_ip_catalog
INFO: [IP_Flow 19-234] Refreshing IP repositories
INFO: [IP_Flow 19-1700] Loaded user IP repository 'c:/Users/Camilo/Desktop/bloques_separados5/atg_ram/ip_repo/Ram_IP_1.0'.
INFO: [IP_Flow 19-1700] Loaded user IP repository 'c:/Users/Camilo/Desktop/bloques_separados5/operator_full'.
INFO: [IP_Flow 19-1700] Loaded user IP repository 'c:/Users/Camilo/Desktop/bloques_separados5/op_choser'.
INFO: [IP_Flow 19-1700] Loaded user IP repository 'c:/Users/Camilo/Desktop/bloques_separados5/selector_led2'.
INFO: [IP_Flow 19-1700] Loaded user IP repository 'c:/Users/Camilo/Desktop/bloques_separados5/led_verif_or'.
set_property  ip_repo_paths  {c:/Users/Camilo/Desktop/bloques_separados5/atg_ram/ip_repo/Ram_IP_1.0 c:/Users/Camilo/Desktop/bloques_separados5/operator_full c:/Users/Camilo/Desktop/bloques_separados5/op_choser c:/Users/Camilo/Desktop/bloques_separados5/led_verif_or} [current_project]
update_ip_catalog
INFO: [IP_Flow 19-234] Refreshing IP repositories
INFO: [IP_Flow 19-1700] Loaded user IP repository 'c:/Users/Camilo/Desktop/bloques_separados5/atg_ram/ip_repo/Ram_IP_1.0'.
INFO: [IP_Flow 19-1700] Loaded user IP repository 'c:/Users/Camilo/Desktop/bloques_separados5/operator_full'.
INFO: [IP_Flow 19-1700] Loaded user IP repository 'c:/Users/Camilo/Desktop/bloques_separados5/op_choser'.
INFO: [IP_Flow 19-1700] Loaded user IP repository 'c:/Users/Camilo/Desktop/bloques_separados5/led_verif_or'.
update_ip_catalog -rebuild
INFO: [IP_Flow 19-234] Refreshing IP repositories
INFO: [IP_Flow 19-1700] Loaded user IP repository 'c:/Users/Camilo/Desktop/bloques_separados5/atg_ram/ip_repo/Ram_IP_1.0'.
INFO: [IP_Flow 19-1700] Loaded user IP repository 'c:/Users/Camilo/Desktop/bloques_separados5/operator_full'.
INFO: [IP_Flow 19-1700] Loaded user IP repository 'c:/Users/Camilo/Desktop/bloques_separados5/op_choser'.
INFO: [IP_Flow 19-1700] Loaded user IP repository 'c:/Users/Camilo/Desktop/bloques_separados5/led_verif_or'.
set_property  ip_repo_paths  {c:/Users/Camilo/Desktop/bloques_separados5/atg_ram/ip_repo/Ram_IP_1.0 c:/Users/Camilo/Desktop/bloques_separados5/operator_full c:/Users/Camilo/Desktop/bloques_separados5/op_choser c:/Users/Camilo/Desktop/bloques_separados5/led_verif_or c:/users/camilo/desktop/bloques_separados5/selector_led2/selector_led2.srcs/sources_1/new} [current_project]
update_ip_catalog
INFO: [IP_Flow 19-234] Refreshing IP repositories
INFO: [IP_Flow 19-1700] Loaded user IP repository 'c:/Users/Camilo/Desktop/bloques_separados5/atg_ram/ip_repo/Ram_IP_1.0'.
INFO: [IP_Flow 19-1700] Loaded user IP repository 'c:/Users/Camilo/Desktop/bloques_separados5/operator_full'.
INFO: [IP_Flow 19-1700] Loaded user IP repository 'c:/Users/Camilo/Desktop/bloques_separados5/op_choser'.
INFO: [IP_Flow 19-1700] Loaded user IP repository 'c:/Users/Camilo/Desktop/bloques_separados5/led_verif_or'.
INFO: [IP_Flow 19-1700] Loaded user IP repository 'c:/users/camilo/desktop/bloques_separados5/selector_led2/selector_led2.srcs/sources_1/new'.
update_ip_catalog -rebuild
INFO: [IP_Flow 19-234] Refreshing IP repositories
INFO: [IP_Flow 19-1700] Loaded user IP repository 'c:/Users/Camilo/Desktop/bloques_separados5/atg_ram/ip_repo/Ram_IP_1.0'.
INFO: [IP_Flow 19-1700] Loaded user IP repository 'c:/Users/Camilo/Desktop/bloques_separados5/operator_full'.
INFO: [IP_Flow 19-1700] Loaded user IP repository 'c:/Users/Camilo/Desktop/bloques_separados5/op_choser'.
INFO: [IP_Flow 19-1700] Loaded user IP repository 'c:/Users/Camilo/Desktop/bloques_separados5/led_verif_or'.
INFO: [IP_Flow 19-1700] Loaded user IP repository 'c:/users/camilo/desktop/bloques_separados5/selector_led2/selector_led2.srcs/sources_1/new'.
startgroup
create_bd_cell -type ip -vlnv xilinx.com:user:selector_led2:1.0 selector_led2_0
endgroup
startgroup
create_bd_cell -type ip -vlnv xilinx.com:user:verif_led_or:1.0 verif_led_or_0
endgroup
startgroup
create_bd_cell -type ip -vlnv xilinx.com:user:Ram_IP:1.0 Ram_IP_0
endgroup
startgroup
create_bd_cell -type ip -vlnv xilinx.com:user:operator_full:1.0 operator_full_0
endgroup
startgroup
create_bd_cell -type ip -vlnv xilinx.com:user:operator_full:1.0 operator_full_1
endgroup
startgroup
create_bd_cell -type ip -vlnv xilinx.com:user:operator_full:1.0 operator_full_2
endgroup
set_property location {3 633 -259} [get_bd_cells operator_full_1]
set_property location {2 625 -138} [get_bd_cells operator_full_2]
set_property location {0.5 183 -350} [get_bd_cells Ram_IP_0]
set_property location {2.5 950 -335} [get_bd_cells selector_led2_0]
set_property location {1 194 -170} [get_bd_cells verif_led_or_0]
set_property location {3 900 -140} [get_bd_cells verif_led_or_0]
startgroup
create_bd_cell -type ip -vlnv xilinx.com:user:op_choser:1.0 op_choser_0
endgroup
set_property location {1 253 -148} [get_bd_cells op_choser_0]
startgroup
create_bd_cell -type ip -vlnv xilinx.com:ip:axi_traffic_gen:3.0 axi_traffic_gen_0
endgroup
set_property location {1 123 -401} [get_bd_cells axi_traffic_gen_0]
WARNING: [IP_Flow 19-4331] Invalid usage of property - Setting range_value property on PARAM_VALUE.ATG_HLT_CH_SELECT is not allowed in procedure update_gui_for_PARAM_VALUE.TRAFFIC_PROFILE
INFO: [IP_Flow 19-3484] Absolute path of file 'c:/Users/Camilo/Desktop/bloques_separados5/Ay4_coe_files/addr.coe' provided. It will be converted relative to IP Instance files '../../../../../../Ay4_coe_files/addr.coe'
INFO: [IP_Flow 19-3484] Absolute path of file 'c:/Users/Camilo/Desktop/bloques_separados5/Ay4_coe_files/data.coe' provided. It will be converted relative to IP Instance files '../../../../../../Ay4_coe_files/data.coe'
INFO: [IP_Flow 19-3484] Absolute path of file 'c:/Users/Camilo/Desktop/bloques_separados5/Ay4_coe_files/mask.coe' provided. It will be converted relative to IP Instance files '../../../../../../Ay4_coe_files/mask.coe'
INFO: [IP_Flow 19-3484] Absolute path of file 'c:/Users/Camilo/Desktop/bloques_separados5/Ay4_coe_files/ctrl.coe' provided. It will be converted relative to IP Instance files '../../../../../../Ay4_coe_files/ctrl.coe'
set_property -dict [list CONFIG.C_ATG_SYSTEM_CMD_MAX_RETRY {2147483647} CONFIG.C_ATG_SYSTEM_INIT_DATA_MIF {C:/Users/Camilo/Desktop/bloques_separados5/Ay4_coe_files/data.coe} CONFIG.C_ATG_SYSTEM_INIT_ADDR_MIF {C:/Users/Camilo/Desktop/bloques_separados5/Ay4_coe_files/addr.coe} CONFIG.C_ATG_SYSTEM_INIT_MASK_MIF {C:/Users/Camilo/Desktop/bloques_separados5/Ay4_coe_files/mask.coe} CONFIG.C_ATG_SYSTEM_INIT_CTRL_MIF {C:/Users/Camilo/Desktop/bloques_separados5/Ay4_coe_files/ctrl.coe} CONFIG.C_ATG_MODE {AXI4-Lite} CONFIG.C_ATG_SYSINIT_MODES {System_Test}] [get_bd_cells axi_traffic_gen_0]
INFO: [IP_Flow 19-3484] Absolute path of file 'c:/Users/Camilo/Desktop/bloques_separados5/Ay4_coe_files/data.coe' provided. It will be converted relative to IP Instance files '../../../../../../../../Ay4_coe_files/data.coe'
INFO: [IP_Flow 19-3484] Absolute path of file 'c:/Users/Camilo/Desktop/bloques_separados5/Ay4_coe_files/addr.coe' provided. It will be converted relative to IP Instance files '../../../../../../../../Ay4_coe_files/addr.coe'
INFO: [IP_Flow 19-3484] Absolute path of file 'c:/Users/Camilo/Desktop/bloques_separados5/Ay4_coe_files/mask.coe' provided. It will be converted relative to IP Instance files '../../../../../../../../Ay4_coe_files/mask.coe'
INFO: [IP_Flow 19-3484] Absolute path of file 'c:/Users/Camilo/Desktop/bloques_separados5/Ay4_coe_files/ctrl.coe' provided. It will be converted relative to IP Instance files '../../../../../../../../Ay4_coe_files/ctrl.coe'
set_property location {2 388 -142} [get_bd_cells op_choser_0]
set_property location {0.5 -54 -150} [get_bd_cells Ram_IP_0]
set_property location {2.5 419 -198} [get_bd_cells op_choser_0]
connect_bd_net [get_bd_pins op_choser_0/value_out_1] [get_bd_pins operator_full_0/value]
connect_bd_net [get_bd_pins op_choser_0/value_out_2] [get_bd_pins operator_full_1/value]
connect_bd_net [get_bd_pins op_choser_0/value_out_3] [get_bd_pins operator_full_2/value]
connect_bd_net [get_bd_pins op_choser_0/button_state_out_1] [get_bd_pins operator_full_0/button_state]
connect_bd_net [get_bd_pins op_choser_0/button_state_out_2] [get_bd_pins operator_full_1/button_state]
connect_bd_net [get_bd_pins op_choser_0/button_state_out_3] [get_bd_pins operator_full_2/button_state]
connect_bd_net [get_bd_pins operator_full_0/out_pwm] [get_bd_pins selector_led2_0/pwm1]
connect_bd_net [get_bd_pins operator_full_1/out_pwm] [get_bd_pins selector_led2_0/pwm2]
connect_bd_net [get_bd_pins operator_full_2/out_pwm] [get_bd_pins selector_led2_0/pwm3]
connect_bd_net [get_bd_pins operator_full_0/led_verif] [get_bd_pins verif_led_or_0/led_verif_1]
connect_bd_net [get_bd_pins operator_full_1/led_verif] [get_bd_pins verif_led_or_0/led_verif_2]
connect_bd_net [get_bd_pins operator_full_2/led_verif] [get_bd_pins verif_led_or_0/led_verif_3]
set_property location {2 -17 -226} [get_bd_cells Ram_IP_0]
connect_bd_net [get_bd_pins Ram_IP_0/led_selec] [get_bd_pins op_choser_0/led_select]
connect_bd_net [get_bd_pins Ram_IP_0/led_selec] [get_bd_pins selector_led2_0/led_selector]
startgroup
apply_bd_automation -rule xilinx.com:bd_rule:clkrst -config { Clk {New Clocking Wizard} Freq {100} Ref_Clk0 {} Ref_Clk1 {} Ref_Clk2 {}}  [get_bd_pins op_choser_0/clk]
apply_bd_automation -rule xilinx.com:bd_rule:clkrst -config { Clk {New Clocking Wizard} Freq {100} Ref_Clk0 {} Ref_Clk1 {} Ref_Clk2 {}}  [get_bd_pins operator_full_0/clk]
apply_bd_automation -rule xilinx.com:bd_rule:clkrst -config { Clk {New Clocking Wizard} Freq {100} Ref_Clk0 {} Ref_Clk1 {} Ref_Clk2 {}}  [get_bd_pins operator_full_1/clk]
apply_bd_automation -rule xilinx.com:bd_rule:clkrst -config { Clk {New Clocking Wizard} Freq {100} Ref_Clk0 {} Ref_Clk1 {} Ref_Clk2 {}}  [get_bd_pins operator_full_2/clk]
apply_bd_automation -rule xilinx.com:bd_rule:axi4 -config { Clk_master {Auto} Clk_slave {Auto} Clk_xbar {Auto} Master {/axi_traffic_gen_0/M_AXI_LITE_CH1} Slave {/Ram_IP_0/S00_AXI} ddr_seg {Auto} intc_ip {New AXI Interconnect} master_apm {0}}  [get_bd_intf_pins Ram_IP_0/S00_AXI]
WARNING: [BD 41-1753] The name 'axi_traffic_gen_0_axi_periph' you have specified is long. The Windows OS has path length limitations. It is recommended you use shorter names(less than 25 characters) to reduce the likelihood of issues when/if running on windows OS.
INFO: [Ipptcl 7-1463] No Compatible Board Interface found. Board Tab not created in customize GUI
Slave segment '/Ram_IP_0/S00_AXI/S00_AXI_reg' is being assigned into address space '/axi_traffic_gen_0/Reg1' at <0x44A0_0000 [ 64K ]>.
apply_bd_automation -rule xilinx.com:bd_rule:clkrst -config { Clk {New Clocking Wizard} Freq {100} Ref_Clk0 {} Ref_Clk1 {} Ref_Clk2 {}}  [get_bd_pins selector_led2_0/clk]
endgroup
delete_bd_objs [get_bd_intf_nets axi_traffic_gen_0_axi_periph_M00_AXI] [get_bd_intf_nets axi_traffic_gen_0_M_AXI_LITE_CH1] [get_bd_cells axi_traffic_gen_0_axi_periph]
delete_bd_objs [get_bd_nets clk_wiz_locked] [get_bd_cells rst_clk_wiz_100M]
delete_bd_objs [get_bd_nets clk_wiz_4_clk_out1] [get_bd_cells clk_wiz_4]
delete_bd_objs [get_bd_nets clk_wiz_1_clk_out1] [get_bd_cells clk_wiz_1]
delete_bd_objs [get_bd_nets clk_wiz_2_clk_out1] [get_bd_cells clk_wiz_2]
delete_bd_objs [get_bd_nets clk_wiz_3_clk_out1] [get_bd_cells clk_wiz_3]
delete_bd_objs [get_bd_cells clk_wiz]
connect_bd_intf_net [get_bd_intf_pins axi_traffic_gen_0/M_AXI_LITE_CH1] [get_bd_intf_pins Ram_IP_0/S00_AXI]
startgroup
make_bd_pins_external  [get_bd_pins Ram_IP_0/btn]
endgroup
startgroup
connect_bd_net [get_bd_pins op_choser_0/clk] [get_bd_pins operator_full_0/clk]
endgroup
connect_bd_net [get_bd_pins op_choser_0/clk] [get_bd_pins operator_full_1/clk]
connect_bd_net [get_bd_pins op_choser_0/clk] [get_bd_pins operator_full_2/clk]
connect_bd_net [get_bd_pins op_choser_0/clk] [get_bd_pins selector_led2_0/clk]
WARNING: [Board 49-26] cannot add Board Part digilentinc.com:arty-a7-100:part0:1.0 available at C:/Xilinx/Vivado/2020.1/data/boards/board_files/arty-a7-100/E.0/1.0/board.xml as part xc7a100tcsg324-1 specified in board_part file is either invalid or not available
WARNING: [Board 49-26] cannot add Board Part digilentinc.com:arty-a7-100:part0:1.1 available at C:/Xilinx/Vivado/2020.1/data/boards/board_files/arty-a7-100/E.0/1.1/board.xml as part xc7a100tcsg324-1 specified in board_part file is either invalid or not available
WARNING: [Board 49-26] cannot add Board Part digilentinc.com:arty-a7-35:part0:1.0 available at C:/Xilinx/Vivado/2020.1/data/boards/board_files/arty-a7-35/E.0/1.0/board.xml as part xc7a35ticsg324-1l specified in board_part file is either invalid or not available
WARNING: [Board 49-26] cannot add Board Part digilentinc.com:arty-a7-35:part0:1.1 available at C:/Xilinx/Vivado/2020.1/data/boards/board_files/arty-a7-35/E.0/1.1/board.xml as part xc7a35ticsg324-1l specified in board_part file is either invalid or not available
WARNING: [Board 49-26] cannot add Board Part digilentinc.com:arty-s7-25:part0:1.1 available at C:/Xilinx/Vivado/2020.1/data/boards/board_files/arty-s7-25/E.0/board.xml as part xc7s25csga324-1 specified in board_part file is either invalid or not available
WARNING: [Board 49-26] cannot add Board Part digilentinc.com:arty-s7-50:part0:1.1 available at C:/Xilinx/Vivado/2020.1/data/boards/board_files/arty-s7-50/B.0/board.xml as part xc7s50csga324-1 specified in board_part file is either invalid or not available
WARNING: [Board 49-26] cannot add Board Part digilentinc.com:arty:part0:1.1 available at C:/Xilinx/Vivado/2020.1/data/boards/board_files/arty/C.0/board.xml as part xc7a35ticsg324-1l specified in board_part file is either invalid or not available
WARNING: [Board 49-26] cannot add Board Part digilentinc.com:basys3:part0:1.2 available at C:/Xilinx/Vivado/2020.1/data/boards/board_files/basys3/C.0/board.xml as part xc7a35tcpg236-1 specified in board_part file is either invalid or not available
WARNING: [Board 49-26] cannot add Board Part digilentinc.com:cmod-s7-25:part0:1.0 available at C:/Xilinx/Vivado/2020.1/data/boards/board_files/cmod-s7-25/B.0/board.xml as part xc7s25csga225-1 specified in board_part file is either invalid or not available
WARNING: [Board 49-26] cannot add Board Part digilentinc.com:cmod_a7-15t:part0:1.2 available at C:/Xilinx/Vivado/2020.1/data/boards/board_files/cmod_a7-15t/B.0/board.xml as part xc7a15tcpg236-1 specified in board_part file is either invalid or not available
WARNING: [Board 49-26] cannot add Board Part digilentinc.com:cmod_a7-35t:part0:1.2 available at C:/Xilinx/Vivado/2020.1/data/boards/board_files/cmod_a7-35t/B.0/board.xml as part xc7a35tcpg236-1 specified in board_part file is either invalid or not available
WARNING: [Board 49-26] cannot add Board Part digilentinc.com:genesys2:part0:1.1 available at C:/Xilinx/Vivado/2020.1/data/boards/board_files/genesys2/H/board.xml as part xc7k325tffg900-2 specified in board_part file is either invalid or not available
WARNING: [Board 49-26] cannot add Board Part digilentinc.com:nexys-a7-100t:part0:1.0 available at C:/Xilinx/Vivado/2020.1/data/boards/board_files/nexys-a7-100t/D.0/1.0/board.xml as part xc7a100tcsg324-1 specified in board_part file is either invalid or not available
WARNING: [Board 49-26] cannot add Board Part digilentinc.com:nexys-a7-100t:part0:1.2 available at C:/Xilinx/Vivado/2020.1/data/boards/board_files/nexys-a7-100t/D.0/1.2/board.xml as part xc7a100tcsg324-1 specified in board_part file is either invalid or not available
WARNING: [Board 49-26] cannot add Board Part digilentinc.com:nexys-a7-100t:part0:1.3 available at C:/Xilinx/Vivado/2020.1/data/boards/board_files/nexys-a7-100t/D.0/1.3/board.xml as part xc7a100tcsg324-1 specified in board_part file is either invalid or not available
WARNING: [Board 49-26] cannot add Board Part digilentinc.com:nexys-a7-50t:part0:1.0 available at C:/Xilinx/Vivado/2020.1/data/boards/board_files/nexys-a7-50t/D.0/1.0/board.xml as part xc7a50ticsg324-1l specified in board_part file is either invalid or not available
WARNING: [Board 49-26] cannot add Board Part digilentinc.com:nexys-a7-50t:part0:1.2 available at C:/Xilinx/Vivado/2020.1/data/boards/board_files/nexys-a7-50t/D.0/1.2/board.xml as part xc7a50ticsg324-1l specified in board_part file is either invalid or not available
WARNING: [Board 49-26] cannot add Board Part digilentinc.com:nexys-a7-50t:part0:1.3 available at C:/Xilinx/Vivado/2020.1/data/boards/board_files/nexys-a7-50t/D.0/1.3/board.xml as part xc7a50ticsg324-1l specified in board_part file is either invalid or not available
WARNING: [Board 49-26] cannot add Board Part digilentinc.com:nexys4:part0:1.1 available at C:/Xilinx/Vivado/2020.1/data/boards/board_files/nexys4/B.1/board.xml as part xc7a100tcsg324-1 specified in board_part file is either invalid or not available
WARNING: [Board 49-26] cannot add Board Part digilentinc.com:nexys4_ddr:part0:1.1 available at C:/Xilinx/Vivado/2020.1/data/boards/board_files/nexys4_ddr/C.1/board.xml as part xc7a100tcsg324-1 specified in board_part file is either invalid or not available
WARNING: [Board 49-26] cannot add Board Part digilentinc.com:nexys_video:part0:1.1 available at C:/Xilinx/Vivado/2020.1/data/boards/board_files/nexys_video/A.0/1.1/board.xml as part xc7a200tsbg484-1 specified in board_part file is either invalid or not available
WARNING: [Board 49-26] cannot add Board Part digilentinc.com:nexys_video:part0:1.2 available at C:/Xilinx/Vivado/2020.1/data/boards/board_files/nexys_video/A.0/1.2/board.xml as part xc7a200tsbg484-1 specified in board_part file is either invalid or not available
WARNING: [Board 49-26] cannot add Board Part digilentinc.com:sword:part0:1.0 available at C:/Xilinx/Vivado/2020.1/data/boards/board_files/sword/C.0/board.xml as part xc7k325tffg900-2 specified in board_part file is either invalid or not available
WARNING: [Board 49-26] cannot add Board Part digilentinc.com:usb104-a7:part0:1.0 available at C:/Xilinx/Vivado/2020.1/data/boards/board_files/usb104-a7/B/1.0/board.xml as part xc7a100tcsg324-1 specified in board_part file is either invalid or not available
WARNING: [Board 49-26] cannot add Board Part digilentinc.com:usb104-a7:part0:1.1 available at C:/Xilinx/Vivado/2020.1/data/boards/board_files/usb104-a7/B/1.1/board.xml as part xc7a100tcsg324-1 specified in board_part file is either invalid or not available
WARNING: [Board 49-26] cannot add Board Part digilentinc.com:usb104-a7:part0:1.2 available at C:/Xilinx/Vivado/2020.1/data/boards/board_files/usb104-a7/B/1.2/board.xml as part xc7a100tcsg324-1 specified in board_part file is either invalid or not available
WARNING: [Board 49-26] cannot add Board Part digilentinc.com:usb104-a7:part0:1.3 available at C:/Xilinx/Vivado/2020.1/data/boards/board_files/usb104-a7/B/1.3/board.xml as part xc7a100tcsg324-1 specified in board_part file is either invalid or not available
WARNING: [Board 49-26] cannot add Board Part digilentinc.com:arty-a7-100:part0:1.0 available at C:/Xilinx/Vivado/2020.1/data/boards/board_files/arty-a7-100/E.0/1.0/board.xml as part xc7a100tcsg324-1 specified in board_part file is either invalid or not available
WARNING: [Board 49-26] cannot add Board Part digilentinc.com:arty-a7-100:part0:1.1 available at C:/Xilinx/Vivado/2020.1/data/boards/board_files/arty-a7-100/E.0/1.1/board.xml as part xc7a100tcsg324-1 specified in board_part file is either invalid or not available
WARNING: [Board 49-26] cannot add Board Part digilentinc.com:arty-a7-35:part0:1.0 available at C:/Xilinx/Vivado/2020.1/data/boards/board_files/arty-a7-35/E.0/1.0/board.xml as part xc7a35ticsg324-1l specified in board_part file is either invalid or not available
WARNING: [Board 49-26] cannot add Board Part digilentinc.com:arty-a7-35:part0:1.1 available at C:/Xilinx/Vivado/2020.1/data/boards/board_files/arty-a7-35/E.0/1.1/board.xml as part xc7a35ticsg324-1l specified in board_part file is either invalid or not available
WARNING: [Board 49-26] cannot add Board Part digilentinc.com:arty-s7-25:part0:1.1 available at C:/Xilinx/Vivado/2020.1/data/boards/board_files/arty-s7-25/E.0/board.xml as part xc7s25csga324-1 specified in board_part file is either invalid or not available
WARNING: [Board 49-26] cannot add Board Part digilentinc.com:arty-s7-50:part0:1.1 available at C:/Xilinx/Vivado/2020.1/data/boards/board_files/arty-s7-50/B.0/board.xml as part xc7s50csga324-1 specified in board_part file is either invalid or not available
WARNING: [Board 49-26] cannot add Board Part digilentinc.com:arty:part0:1.1 available at C:/Xilinx/Vivado/2020.1/data/boards/board_files/arty/C.0/board.xml as part xc7a35ticsg324-1l specified in board_part file is either invalid or not available
WARNING: [Board 49-26] cannot add Board Part digilentinc.com:basys3:part0:1.2 available at C:/Xilinx/Vivado/2020.1/data/boards/board_files/basys3/C.0/board.xml as part xc7a35tcpg236-1 specified in board_part file is either invalid or not available
WARNING: [Board 49-26] cannot add Board Part digilentinc.com:cmod-s7-25:part0:1.0 available at C:/Xilinx/Vivado/2020.1/data/boards/board_files/cmod-s7-25/B.0/board.xml as part xc7s25csga225-1 specified in board_part file is either invalid or not available
WARNING: [Board 49-26] cannot add Board Part digilentinc.com:cmod_a7-15t:part0:1.2 available at C:/Xilinx/Vivado/2020.1/data/boards/board_files/cmod_a7-15t/B.0/board.xml as part xc7a15tcpg236-1 specified in board_part file is either invalid or not available
WARNING: [Board 49-26] cannot add Board Part digilentinc.com:cmod_a7-35t:part0:1.2 available at C:/Xilinx/Vivado/2020.1/data/boards/board_files/cmod_a7-35t/B.0/board.xml as part xc7a35tcpg236-1 specified in board_part file is either invalid or not available
WARNING: [Board 49-26] cannot add Board Part digilentinc.com:genesys2:part0:1.1 available at C:/Xilinx/Vivado/2020.1/data/boards/board_files/genesys2/H/board.xml as part xc7k325tffg900-2 specified in board_part file is either invalid or not available
WARNING: [Board 49-26] cannot add Board Part digilentinc.com:nexys-a7-100t:part0:1.0 available at C:/Xilinx/Vivado/2020.1/data/boards/board_files/nexys-a7-100t/D.0/1.0/board.xml as part xc7a100tcsg324-1 specified in board_part file is either invalid or not available
WARNING: [Board 49-26] cannot add Board Part digilentinc.com:nexys-a7-100t:part0:1.2 available at C:/Xilinx/Vivado/2020.1/data/boards/board_files/nexys-a7-100t/D.0/1.2/board.xml as part xc7a100tcsg324-1 specified in board_part file is either invalid or not available
WARNING: [Board 49-26] cannot add Board Part digilentinc.com:nexys-a7-100t:part0:1.3 available at C:/Xilinx/Vivado/2020.1/data/boards/board_files/nexys-a7-100t/D.0/1.3/board.xml as part xc7a100tcsg324-1 specified in board_part file is either invalid or not available
WARNING: [Board 49-26] cannot add Board Part digilentinc.com:nexys-a7-50t:part0:1.0 available at C:/Xilinx/Vivado/2020.1/data/boards/board_files/nexys-a7-50t/D.0/1.0/board.xml as part xc7a50ticsg324-1l specified in board_part file is either invalid or not available
WARNING: [Board 49-26] cannot add Board Part digilentinc.com:nexys-a7-50t:part0:1.2 available at C:/Xilinx/Vivado/2020.1/data/boards/board_files/nexys-a7-50t/D.0/1.2/board.xml as part xc7a50ticsg324-1l specified in board_part file is either invalid or not available
WARNING: [Board 49-26] cannot add Board Part digilentinc.com:nexys-a7-50t:part0:1.3 available at C:/Xilinx/Vivado/2020.1/data/boards/board_files/nexys-a7-50t/D.0/1.3/board.xml as part xc7a50ticsg324-1l specified in board_part file is either invalid or not available
WARNING: [Board 49-26] cannot add Board Part digilentinc.com:nexys4:part0:1.1 available at C:/Xilinx/Vivado/2020.1/data/boards/board_files/nexys4/B.1/board.xml as part xc7a100tcsg324-1 specified in board_part file is either invalid or not available
WARNING: [Board 49-26] cannot add Board Part digilentinc.com:nexys4_ddr:part0:1.1 available at C:/Xilinx/Vivado/2020.1/data/boards/board_files/nexys4_ddr/C.1/board.xml as part xc7a100tcsg324-1 specified in board_part file is either invalid or not available
WARNING: [Board 49-26] cannot add Board Part digilentinc.com:nexys_video:part0:1.1 available at C:/Xilinx/Vivado/2020.1/data/boards/board_files/nexys_video/A.0/1.1/board.xml as part xc7a200tsbg484-1 specified in board_part file is either invalid or not available
WARNING: [Board 49-26] cannot add Board Part digilentinc.com:nexys_video:part0:1.2 available at C:/Xilinx/Vivado/2020.1/data/boards/board_files/nexys_video/A.0/1.2/board.xml as part xc7a200tsbg484-1 specified in board_part file is either invalid or not available
WARNING: [Board 49-26] cannot add Board Part digilentinc.com:sword:part0:1.0 available at C:/Xilinx/Vivado/2020.1/data/boards/board_files/sword/C.0/board.xml as part xc7k325tffg900-2 specified in board_part file is either invalid or not available
WARNING: [Board 49-26] cannot add Board Part digilentinc.com:usb104-a7:part0:1.0 available at C:/Xilinx/Vivado/2020.1/data/boards/board_files/usb104-a7/B/1.0/board.xml as part xc7a100tcsg324-1 specified in board_part file is either invalid or not available
WARNING: [Board 49-26] cannot add Board Part digilentinc.com:usb104-a7:part0:1.1 available at C:/Xilinx/Vivado/2020.1/data/boards/board_files/usb104-a7/B/1.1/board.xml as part xc7a100tcsg324-1 specified in board_part file is either invalid or not available
WARNING: [Board 49-26] cannot add Board Part digilentinc.com:usb104-a7:part0:1.2 available at C:/Xilinx/Vivado/2020.1/data/boards/board_files/usb104-a7/B/1.2/board.xml as part xc7a100tcsg324-1 specified in board_part file is either invalid or not available
WARNING: [Board 49-26] cannot add Board Part digilentinc.com:usb104-a7:part0:1.3 available at C:/Xilinx/Vivado/2020.1/data/boards/board_files/usb104-a7/B/1.3/board.xml as part xc7a100tcsg324-1 specified in board_part file is either invalid or not available
WARNING: [Board 49-26] cannot add Board Part digilentinc.com:arty-a7-100:part0:1.0 available at C:/Xilinx/Vivado/2020.1/data/boards/board_files/arty-a7-100/E.0/1.0/board.xml as part xc7a100tcsg324-1 specified in board_part file is either invalid or not available
WARNING: [Board 49-26] cannot add Board Part digilentinc.com:arty-a7-100:part0:1.1 available at C:/Xilinx/Vivado/2020.1/data/boards/board_files/arty-a7-100/E.0/1.1/board.xml as part xc7a100tcsg324-1 specified in board_part file is either invalid or not available
WARNING: [Board 49-26] cannot add Board Part digilentinc.com:arty-a7-35:part0:1.0 available at C:/Xilinx/Vivado/2020.1/data/boards/board_files/arty-a7-35/E.0/1.0/board.xml as part xc7a35ticsg324-1l specified in board_part file is either invalid or not available
WARNING: [Board 49-26] cannot add Board Part digilentinc.com:arty-a7-35:part0:1.1 available at C:/Xilinx/Vivado/2020.1/data/boards/board_files/arty-a7-35/E.0/1.1/board.xml as part xc7a35ticsg324-1l specified in board_part file is either invalid or not available
WARNING: [Board 49-26] cannot add Board Part digilentinc.com:arty-s7-25:part0:1.1 available at C:/Xilinx/Vivado/2020.1/data/boards/board_files/arty-s7-25/E.0/board.xml as part xc7s25csga324-1 specified in board_part file is either invalid or not available
WARNING: [Board 49-26] cannot add Board Part digilentinc.com:arty-s7-50:part0:1.1 available at C:/Xilinx/Vivado/2020.1/data/boards/board_files/arty-s7-50/B.0/board.xml as part xc7s50csga324-1 specified in board_part file is either invalid or not available
WARNING: [Board 49-26] cannot add Board Part digilentinc.com:arty:part0:1.1 available at C:/Xilinx/Vivado/2020.1/data/boards/board_files/arty/C.0/board.xml as part xc7a35ticsg324-1l specified in board_part file is either invalid or not available
WARNING: [Board 49-26] cannot add Board Part digilentinc.com:basys3:part0:1.2 available at C:/Xilinx/Vivado/2020.1/data/boards/board_files/basys3/C.0/board.xml as part xc7a35tcpg236-1 specified in board_part file is either invalid or not available
WARNING: [Board 49-26] cannot add Board Part digilentinc.com:cmod-s7-25:part0:1.0 available at C:/Xilinx/Vivado/2020.1/data/boards/board_files/cmod-s7-25/B.0/board.xml as part xc7s25csga225-1 specified in board_part file is either invalid or not available
WARNING: [Board 49-26] cannot add Board Part digilentinc.com:cmod_a7-15t:part0:1.2 available at C:/Xilinx/Vivado/2020.1/data/boards/board_files/cmod_a7-15t/B.0/board.xml as part xc7a15tcpg236-1 specified in board_part file is either invalid or not available
WARNING: [Board 49-26] cannot add Board Part digilentinc.com:cmod_a7-35t:part0:1.2 available at C:/Xilinx/Vivado/2020.1/data/boards/board_files/cmod_a7-35t/B.0/board.xml as part xc7a35tcpg236-1 specified in board_part file is either invalid or not available
WARNING: [Board 49-26] cannot add Board Part digilentinc.com:genesys2:part0:1.1 available at C:/Xilinx/Vivado/2020.1/data/boards/board_files/genesys2/H/board.xml as part xc7k325tffg900-2 specified in board_part file is either invalid or not available
WARNING: [Board 49-26] cannot add Board Part digilentinc.com:nexys-a7-100t:part0:1.0 available at C:/Xilinx/Vivado/2020.1/data/boards/board_files/nexys-a7-100t/D.0/1.0/board.xml as part xc7a100tcsg324-1 specified in board_part file is either invalid or not available
WARNING: [Board 49-26] cannot add Board Part digilentinc.com:nexys-a7-100t:part0:1.2 available at C:/Xilinx/Vivado/2020.1/data/boards/board_files/nexys-a7-100t/D.0/1.2/board.xml as part xc7a100tcsg324-1 specified in board_part file is either invalid or not available
WARNING: [Board 49-26] cannot add Board Part digilentinc.com:nexys-a7-100t:part0:1.3 available at C:/Xilinx/Vivado/2020.1/data/boards/board_files/nexys-a7-100t/D.0/1.3/board.xml as part xc7a100tcsg324-1 specified in board_part file is either invalid or not available
WARNING: [Board 49-26] cannot add Board Part digilentinc.com:nexys-a7-50t:part0:1.0 available at C:/Xilinx/Vivado/2020.1/data/boards/board_files/nexys-a7-50t/D.0/1.0/board.xml as part xc7a50ticsg324-1l specified in board_part file is either invalid or not available
WARNING: [Board 49-26] cannot add Board Part digilentinc.com:nexys-a7-50t:part0:1.2 available at C:/Xilinx/Vivado/2020.1/data/boards/board_files/nexys-a7-50t/D.0/1.2/board.xml as part xc7a50ticsg324-1l specified in board_part file is either invalid or not available
WARNING: [Board 49-26] cannot add Board Part digilentinc.com:nexys-a7-50t:part0:1.3 available at C:/Xilinx/Vivado/2020.1/data/boards/board_files/nexys-a7-50t/D.0/1.3/board.xml as part xc7a50ticsg324-1l specified in board_part file is either invalid or not available
WARNING: [Board 49-26] cannot add Board Part digilentinc.com:nexys4:part0:1.1 available at C:/Xilinx/Vivado/2020.1/data/boards/board_files/nexys4/B.1/board.xml as part xc7a100tcsg324-1 specified in board_part file is either invalid or not available
WARNING: [Board 49-26] cannot add Board Part digilentinc.com:nexys4_ddr:part0:1.1 available at C:/Xilinx/Vivado/2020.1/data/boards/board_files/nexys4_ddr/C.1/board.xml as part xc7a100tcsg324-1 specified in board_part file is either invalid or not available
WARNING: [Board 49-26] cannot add Board Part digilentinc.com:nexys_video:part0:1.1 available at C:/Xilinx/Vivado/2020.1/data/boards/board_files/nexys_video/A.0/1.1/board.xml as part xc7a200tsbg484-1 specified in board_part file is either invalid or not available
WARNING: [Board 49-26] cannot add Board Part digilentinc.com:nexys_video:part0:1.2 available at C:/Xilinx/Vivado/2020.1/data/boards/board_files/nexys_video/A.0/1.2/board.xml as part xc7a200tsbg484-1 specified in board_part file is either invalid or not available
WARNING: [Board 49-26] cannot add Board Part digilentinc.com:sword:part0:1.0 available at C:/Xilinx/Vivado/2020.1/data/boards/board_files/sword/C.0/board.xml as part xc7k325tffg900-2 specified in board_part file is either invalid or not available
WARNING: [Board 49-26] cannot add Board Part digilentinc.com:usb104-a7:part0:1.0 available at C:/Xilinx/Vivado/2020.1/data/boards/board_files/usb104-a7/B/1.0/board.xml as part xc7a100tcsg324-1 specified in board_part file is either invalid or not available
WARNING: [Board 49-26] cannot add Board Part digilentinc.com:usb104-a7:part0:1.1 available at C:/Xilinx/Vivado/2020.1/data/boards/board_files/usb104-a7/B/1.1/board.xml as part xc7a100tcsg324-1 specified in board_part file is either invalid or not available
WARNING: [Board 49-26] cannot add Board Part digilentinc.com:usb104-a7:part0:1.2 available at C:/Xilinx/Vivado/2020.1/data/boards/board_files/usb104-a7/B/1.2/board.xml as part xc7a100tcsg324-1 specified in board_part file is either invalid or not available
WARNING: [Board 49-26] cannot add Board Part digilentinc.com:usb104-a7:part0:1.3 available at C:/Xilinx/Vivado/2020.1/data/boards/board_files/usb104-a7/B/1.3/board.xml as part xc7a100tcsg324-1 specified in board_part file is either invalid or not available
WARNING: [Board 49-26] cannot add Board Part digilentinc.com:arty-a7-100:part0:1.0 available at C:/Xilinx/Vivado/2020.1/data/boards/board_files/arty-a7-100/E.0/1.0/board.xml as part xc7a100tcsg324-1 specified in board_part file is either invalid or not available
WARNING: [Board 49-26] cannot add Board Part digilentinc.com:arty-a7-100:part0:1.1 available at C:/Xilinx/Vivado/2020.1/data/boards/board_files/arty-a7-100/E.0/1.1/board.xml as part xc7a100tcsg324-1 specified in board_part file is either invalid or not available
WARNING: [Board 49-26] cannot add Board Part digilentinc.com:arty-a7-35:part0:1.0 available at C:/Xilinx/Vivado/2020.1/data/boards/board_files/arty-a7-35/E.0/1.0/board.xml as part xc7a35ticsg324-1l specified in board_part file is either invalid or not available
WARNING: [Board 49-26] cannot add Board Part digilentinc.com:arty-a7-35:part0:1.1 available at C:/Xilinx/Vivado/2020.1/data/boards/board_files/arty-a7-35/E.0/1.1/board.xml as part xc7a35ticsg324-1l specified in board_part file is either invalid or not available
WARNING: [Board 49-26] cannot add Board Part digilentinc.com:arty-s7-25:part0:1.1 available at C:/Xilinx/Vivado/2020.1/data/boards/board_files/arty-s7-25/E.0/board.xml as part xc7s25csga324-1 specified in board_part file is either invalid or not available
WARNING: [Board 49-26] cannot add Board Part digilentinc.com:arty-s7-50:part0:1.1 available at C:/Xilinx/Vivado/2020.1/data/boards/board_files/arty-s7-50/B.0/board.xml as part xc7s50csga324-1 specified in board_part file is either invalid or not available
WARNING: [Board 49-26] cannot add Board Part digilentinc.com:arty:part0:1.1 available at C:/Xilinx/Vivado/2020.1/data/boards/board_files/arty/C.0/board.xml as part xc7a35ticsg324-1l specified in board_part file is either invalid or not available
WARNING: [Board 49-26] cannot add Board Part digilentinc.com:basys3:part0:1.2 available at C:/Xilinx/Vivado/2020.1/data/boards/board_files/basys3/C.0/board.xml as part xc7a35tcpg236-1 specified in board_part file is either invalid or not available
WARNING: [Board 49-26] cannot add Board Part digilentinc.com:cmod-s7-25:part0:1.0 available at C:/Xilinx/Vivado/2020.1/data/boards/board_files/cmod-s7-25/B.0/board.xml as part xc7s25csga225-1 specified in board_part file is either invalid or not available
WARNING: [Board 49-26] cannot add Board Part digilentinc.com:cmod_a7-15t:part0:1.2 available at C:/Xilinx/Vivado/2020.1/data/boards/board_files/cmod_a7-15t/B.0/board.xml as part xc7a15tcpg236-1 specified in board_part file is either invalid or not available
WARNING: [Board 49-26] cannot add Board Part digilentinc.com:cmod_a7-35t:part0:1.2 available at C:/Xilinx/Vivado/2020.1/data/boards/board_files/cmod_a7-35t/B.0/board.xml as part xc7a35tcpg236-1 specified in board_part file is either invalid or not available
WARNING: [Board 49-26] cannot add Board Part digilentinc.com:genesys2:part0:1.1 available at C:/Xilinx/Vivado/2020.1/data/boards/board_files/genesys2/H/board.xml as part xc7k325tffg900-2 specified in board_part file is either invalid or not available
WARNING: [Board 49-26] cannot add Board Part digilentinc.com:nexys-a7-100t:part0:1.0 available at C:/Xilinx/Vivado/2020.1/data/boards/board_files/nexys-a7-100t/D.0/1.0/board.xml as part xc7a100tcsg324-1 specified in board_part file is either invalid or not available
WARNING: [Board 49-26] cannot add Board Part digilentinc.com:nexys-a7-100t:part0:1.2 available at C:/Xilinx/Vivado/2020.1/data/boards/board_files/nexys-a7-100t/D.0/1.2/board.xml as part xc7a100tcsg324-1 specified in board_part file is either invalid or not available
WARNING: [Board 49-26] cannot add Board Part digilentinc.com:nexys-a7-100t:part0:1.3 available at C:/Xilinx/Vivado/2020.1/data/boards/board_files/nexys-a7-100t/D.0/1.3/board.xml as part xc7a100tcsg324-1 specified in board_part file is either invalid or not available
WARNING: [Board 49-26] cannot add Board Part digilentinc.com:nexys-a7-50t:part0:1.0 available at C:/Xilinx/Vivado/2020.1/data/boards/board_files/nexys-a7-50t/D.0/1.0/board.xml as part xc7a50ticsg324-1l specified in board_part file is either invalid or not available
WARNING: [Board 49-26] cannot add Board Part digilentinc.com:nexys-a7-50t:part0:1.2 available at C:/Xilinx/Vivado/2020.1/data/boards/board_files/nexys-a7-50t/D.0/1.2/board.xml as part xc7a50ticsg324-1l specified in board_part file is either invalid or not available
WARNING: [Board 49-26] cannot add Board Part digilentinc.com:nexys-a7-50t:part0:1.3 available at C:/Xilinx/Vivado/2020.1/data/boards/board_files/nexys-a7-50t/D.0/1.3/board.xml as part xc7a50ticsg324-1l specified in board_part file is either invalid or not available
WARNING: [Board 49-26] cannot add Board Part digilentinc.com:nexys4:part0:1.1 available at C:/Xilinx/Vivado/2020.1/data/boards/board_files/nexys4/B.1/board.xml as part xc7a100tcsg324-1 specified in board_part file is either invalid or not available
INFO: [Common 17-14] Message 'Board 49-26' appears 100 times and further instances of the messages will be disabled. Use the Tcl command set_msg_config to change the current settings.
create_project ngate C:/Users/Camilo/Desktop/bloques_separados5/ngate -part xc7z010clg400-1
INFO: [IP_Flow 19-234] Refreshing IP repositories
INFO: [IP_Flow 19-1704] No user IP repositories specified
INFO: [IP_Flow 19-2313] Loaded Vivado IP repository 'C:/Xilinx/Vivado/2020.1/data/ip'.
create_project: Time (s): cpu = 00:00:05 ; elapsed = 00:00:06 . Memory (MB): peak = 1366.410 ; gain = 17.941
set_property board_part digilentinc.com:zybo-z7-10:part0:1.1 [current_project]
set_property target_language VHDL [current_project]
file mkdir C:/Users/Camilo/Desktop/bloques_separados5/ngate/ngate.srcs/sources_1/new
close [ open C:/Users/Camilo/Desktop/bloques_separados5/ngate/ngate.srcs/sources_1/new/ngate.vhd w ]
add_files C:/Users/Camilo/Desktop/bloques_separados5/ngate/ngate.srcs/sources_1/new/ngate.vhd
update_compile_order -fileset sources_1
ipx::package_project -root_dir c:/users/camilo/desktop/bloques_separados5/ngate/ngate.srcs/sources_1/new -vendor xilinx.com -library user -taxonomy /UserIP
INFO: [IP_Flow 19-5107] Inferred bus interface 'reset_in' of definition 'xilinx.com:signal:reset:1.0' (from Xilinx Repository).
INFO: [IP_Flow 19-5107] Inferred bus interface 'reset_out' of definition 'xilinx.com:signal:reset:1.0' (from Xilinx Repository).
INFO: [IP_Flow 19-2181] Payment Required is not set for this core.
INFO: [IP_Flow 19-2187] The Product Guide file is missing.
set_property core_revision 2 [ipx::current_core]
ipx::create_xgui_files [ipx::current_core]
ipx::update_checksums [ipx::current_core]
ipx::save_core [ipx::current_core]
set_property  ip_repo_paths  c:/users/camilo/desktop/bloques_separados5/ngate/ngate.srcs/sources_1/new [current_project]
update_ip_catalog
INFO: [IP_Flow 19-234] Refreshing IP repositories
INFO: [IP_Flow 19-1700] Loaded user IP repository 'c:/users/camilo/desktop/bloques_separados5/ngate/ngate.srcs/sources_1/new'.
set_property core_revision 3 [ipx::current_core]
ipx::create_xgui_files [ipx::current_core]
ipx::update_checksums [ipx::current_core]
ipx::save_core [ipx::current_core]
update_ip_catalog -rebuild -repo_path c:/users/camilo/desktop/bloques_separados5/ngate/ngate.srcs/sources_1/new
INFO: [IP_Flow 19-725] Reloaded user IP repository 'c:/users/camilo/desktop/bloques_separados5/ngate/ngate.srcs/sources_1/new'
current_project atg_ram
set_property  ip_repo_paths  {c:/Users/Camilo/Desktop/bloques_separados5/atg_ram/ip_repo/Ram_IP_1.0 c:/Users/Camilo/Desktop/bloques_separados5/operator_full c:/Users/Camilo/Desktop/bloques_separados5/op_choser c:/Users/Camilo/Desktop/bloques_separados5/led_verif_or c:/users/camilo/desktop/bloques_separados5/selector_led2/selector_led2.srcs/sources_1/new c:/users/camilo/desktop/bloques_separados5/ngate/ngate.srcs/sources_1/new} [current_project]
update_ip_catalog
INFO: [IP_Flow 19-234] Refreshing IP repositories
INFO: [IP_Flow 19-1700] Loaded user IP repository 'c:/Users/Camilo/Desktop/bloques_separados5/atg_ram/ip_repo/Ram_IP_1.0'.
INFO: [IP_Flow 19-1700] Loaded user IP repository 'c:/Users/Camilo/Desktop/bloques_separados5/operator_full'.
INFO: [IP_Flow 19-1700] Loaded user IP repository 'c:/Users/Camilo/Desktop/bloques_separados5/op_choser'.
INFO: [IP_Flow 19-1700] Loaded user IP repository 'c:/Users/Camilo/Desktop/bloques_separados5/led_verif_or'.
INFO: [IP_Flow 19-1700] Loaded user IP repository 'c:/users/camilo/desktop/bloques_separados5/selector_led2/selector_led2.srcs/sources_1/new'.
INFO: [IP_Flow 19-1700] Loaded user IP repository 'c:/users/camilo/desktop/bloques_separados5/ngate/ngate.srcs/sources_1/new'.
update_ip_catalog -rebuild
INFO: [IP_Flow 19-234] Refreshing IP repositories
INFO: [IP_Flow 19-1700] Loaded user IP repository 'c:/Users/Camilo/Desktop/bloques_separados5/atg_ram/ip_repo/Ram_IP_1.0'.
INFO: [IP_Flow 19-1700] Loaded user IP repository 'c:/Users/Camilo/Desktop/bloques_separados5/operator_full'.
INFO: [IP_Flow 19-1700] Loaded user IP repository 'c:/Users/Camilo/Desktop/bloques_separados5/op_choser'.
INFO: [IP_Flow 19-1700] Loaded user IP repository 'c:/Users/Camilo/Desktop/bloques_separados5/led_verif_or'.
INFO: [IP_Flow 19-1700] Loaded user IP repository 'c:/users/camilo/desktop/bloques_separados5/selector_led2/selector_led2.srcs/sources_1/new'.
INFO: [IP_Flow 19-1700] Loaded user IP repository 'c:/users/camilo/desktop/bloques_separados5/ngate/ngate.srcs/sources_1/new'.
startgroup
create_bd_cell -type ip -vlnv xilinx.com:user:ngate:1.0 ngate_0
endgroup
set_property location {1 -211 -500} [get_bd_cells ngate_0]
delete_bd_objs [get_bd_nets rst_clk_wiz_100M_peripheral_aresetn]
current_project ngate
ipx::merge_project_changes hdl_parameters [ipx::current_core]
WARNING: [IP_Flow 19-5226] Project source file 'c:/users/camilo/desktop/bloques_separados5/ngate/ngate.srcs/sources_1/new/component.xml' ignored by IP packager.
set_property core_revision 4 [ipx::current_core]
ipx::create_xgui_files [ipx::current_core]
ipx::update_checksums [ipx::current_core]
ipx::save_core [ipx::current_core]
update_ip_catalog -rebuild -repo_path c:/users/camilo/desktop/bloques_separados5/ngate/ngate.srcs/sources_1/new
INFO: [IP_Flow 19-725] Reloaded user IP repository 'c:/users/camilo/desktop/bloques_separados5/ngate/ngate.srcs/sources_1/new'
set_property core_revision 5 [ipx::current_core]
ipx::create_xgui_files [ipx::current_core]
ipx::update_checksums [ipx::current_core]
ipx::save_core [ipx::current_core]
update_ip_catalog -rebuild -repo_path c:/users/camilo/desktop/bloques_separados5/ngate/ngate.srcs/sources_1/new
INFO: [IP_Flow 19-725] Reloaded user IP repository 'c:/users/camilo/desktop/bloques_separados5/ngate/ngate.srcs/sources_1/new'
current_project atg_ram
regenerate_bd_layout
delete_bd_objs [get_bd_cells ngate_0]
update_ip_catalog -rebuild -scan_changes
INFO: [IP_Flow 19-234] Refreshing IP repositories
INFO: [IP_Flow 19-1700] Loaded user IP repository 'c:/Users/Camilo/Desktop/bloques_separados5/atg_ram/ip_repo/Ram_IP_1.0'.
INFO: [IP_Flow 19-1700] Loaded user IP repository 'c:/Users/Camilo/Desktop/bloques_separados5/operator_full'.
INFO: [IP_Flow 19-1700] Loaded user IP repository 'c:/Users/Camilo/Desktop/bloques_separados5/op_choser'.
INFO: [IP_Flow 19-1700] Loaded user IP repository 'c:/Users/Camilo/Desktop/bloques_separados5/led_verif_or'.
INFO: [IP_Flow 19-1700] Loaded user IP repository 'c:/users/camilo/desktop/bloques_separados5/selector_led2/selector_led2.srcs/sources_1/new'.
INFO: [IP_Flow 19-1700] Loaded user IP repository 'c:/users/camilo/desktop/bloques_separados5/ngate/ngate.srcs/sources_1/new'.
